[    0.000000] Initializing cgroup subsys cpuset
[    0.000000] Initializing cgroup subsys cpu
[    0.000000] Initializing cgroup subsys cpuacct
[    0.000000] Linux version 4.4.0-72-generic (buildd@lcy01-17) (gcc version 5.4.0 20160609 (Ubuntu 5.4.0-6ubuntu1~16.04.4) ) #93-Ubuntu SMP Fri Mar 31 14:07:41 UTC 2017 (Ubuntu 4.4.0-72.93-generic 4.4.49)
[    0.000000] Command line: BOOT_IMAGE=/boot/vmlinuz-4.4.0-72-generic root=LABEL=cloudimg-rootfs ro console=tty1 console=ttyS0
[    0.000000] KERNEL supported cpus:
[    0.000000]   Intel GenuineIntel
[    0.000000]   AMD AuthenticAMD
[    0.000000]   Centaur CentaurHauls
[    0.000000] x86/fpu: xstate_offset[2]:  576, xstate_sizes[2]:  256
[    0.000000] x86/fpu: Supporting XSAVE feature 0x01: 'x87 floating point registers'
[    0.000000] x86/fpu: Supporting XSAVE feature 0x02: 'SSE registers'
[    0.000000] x86/fpu: Supporting XSAVE feature 0x04: 'AVX registers'
[    0.000000] x86/fpu: Enabled xstate features 0x7, context size is 832 bytes, using 'standard' format.
[    0.000000] x86/fpu: Using 'lazy' FPU context switches.
[    0.000000] e820: BIOS-provided physical RAM map:
[    0.000000] BIOS-e820: [mem 0x0000000000000000-0x000000000009fbff] usable
[    0.000000] BIOS-e820: [mem 0x000000000009fc00-0x000000000009ffff] reserved
[    0.000000] BIOS-e820: [mem 0x00000000000f0000-0x00000000000fffff] reserved
[    0.000000] BIOS-e820: [mem 0x0000000000100000-0x000000003ffeffff] usable
[    0.000000] BIOS-e820: [mem 0x000000003fff0000-0x000000003fffffff] ACPI data
[    0.000000] BIOS-e820: [mem 0x00000000fec00000-0x00000000fec00fff] reserved
[    0.000000] BIOS-e820: [mem 0x00000000fee00000-0x00000000fee00fff] reserved
[    0.000000] BIOS-e820: [mem 0x00000000fffc0000-0x00000000ffffffff] reserved
[    0.000000] NX (Execute Disable) protection: active
[    0.000000] SMBIOS 2.5 present.
[    0.000000] Hypervisor detected: KVM
[    0.000000] e820: last_pfn = 0x3fff0 max_arch_pfn = 0x400000000
[    0.000000] MTRR: Disabled
[    0.000000] x86/PAT: MTRRs disabled, skipping PAT initialization too.
[    0.000000] x86/PAT: Configuration [0-7]: WB  WT  UC- UC  WB  WT  UC- UC  
[    0.000000] CPU MTRRs all blank - virtualized system.
[    0.000000] found SMP MP-table at [mem 0x0009fff0-0x0009ffff] mapped at [ffff88000009fff0]
[    0.000000] Scanning 1 areas for low memory corruption
[    0.000000] RAMDISK: [mem 0x36adc000-0x37565fff]
[    0.000000] ACPI: Early table checksum verification disabled
[    0.000000] ACPI: RSDP 0x00000000000E0000 000024 (v02 VBOX  )
[    0.000000] ACPI: XSDT 0x000000003FFF0030 00003C (v01 VBOX   VBOXXSDT 00000001 ASL  00000061)
[    0.000000] ACPI: FACP 0x000000003FFF00F0 0000F4 (v04 VBOX   VBOXFACP 00000001 ASL  00000061)
[    0.000000] ACPI: DSDT 0x000000003FFF0470 0021C8 (v02 VBOX   VBOXBIOS 00000002 INTL 20100528)
[    0.000000] ACPI: FACS 0x000000003FFF0200 000040
[    0.000000] ACPI: FACS 0x000000003FFF0200 000040
[    0.000000] ACPI: APIC 0x000000003FFF0240 00005C (v02 VBOX   VBOXAPIC 00000001 ASL  00000061)
[    0.000000] ACPI: SSDT 0x000000003FFF02A0 0001CC (v01 VBOX   VBOXCPUT 00000002 INTL 20100528)
[    0.000000] No NUMA configuration found
[    0.000000] Faking a node at [mem 0x0000000000000000-0x000000003ffeffff]
[    0.000000] NODE_DATA(0) allocated [mem 0x3ffeb000-0x3ffeffff]
[    0.000000] kvm-clock: Using msrs 4b564d01 and 4b564d00
[    0.000000] kvm-clock: cpu 0, msr 0:3ffe3001, primary cpu clock
[    0.000000] kvm-clock: using sched offset of 3472795170 cycles
[    0.000000] clocksource: kvm-clock: mask: 0xffffffffffffffff max_cycles: 0x1cd42e4dffb, max_idle_ns: 881590591483 ns
[    0.000000] Zone ranges:
[    0.000000]   DMA      [mem 0x0000000000001000-0x0000000000ffffff]
[    0.000000]   DMA32    [mem 0x0000000001000000-0x000000003ffeffff]
[    0.000000]   Normal   empty
[    0.000000]   Device   empty
[    0.000000] Movable zone start for each node
[    0.000000] Early memory node ranges
[    0.000000]   node   0: [mem 0x0000000000001000-0x000000000009efff]
[    0.000000]   node   0: [mem 0x0000000000100000-0x000000003ffeffff]
[    0.000000] Initmem setup node 0 [mem 0x0000000000001000-0x000000003ffeffff]
[    0.000000] ACPI: PM-Timer IO Port: 0x4008
[    0.000000] IOAPIC[0]: apic_id 2, version 32, address 0xfec00000, GSI 0-23
[    0.000000] ACPI: INT_SRC_OVR (bus 0 bus_irq 0 global_irq 2 dfl dfl)
[    0.000000] ACPI: INT_SRC_OVR (bus 0 bus_irq 9 global_irq 9 high level)
[    0.000000] Using ACPI (MADT) for SMP configuration information
[    0.000000] smpboot: Allowing 2 CPUs, 0 hotplug CPUs
[    0.000000] PM: Registered nosave memory: [mem 0x00000000-0x00000fff]
[    0.000000] PM: Registered nosave memory: [mem 0x0009f000-0x0009ffff]
[    0.000000] PM: Registered nosave memory: [mem 0x000a0000-0x000effff]
[    0.000000] PM: Registered nosave memory: [mem 0x000f0000-0x000fffff]
[    0.000000] e820: [mem 0x40000000-0xfebfffff] available for PCI devices
[    0.000000] Booting paravirtualized kernel on KVM
[    0.000000] clocksource: refined-jiffies: mask: 0xffffffff max_cycles: 0xffffffff, max_idle_ns: 7645519600211568 ns
[    0.000000] setup_percpu: NR_CPUS:512 nr_cpumask_bits:512 nr_cpu_ids:2 nr_node_ids:1
[    0.000000] PERCPU: Embedded 33 pages/cpu @ffff88003fc00000 s98264 r8192 d28712 u1048576
[    0.000000] PV qspinlock hash table entries: 256 (order: 0, 4096 bytes)
[    0.000000] Built 1 zonelists in Node order, mobility grouping on.  Total pages: 257913
[    0.000000] Policy zone: DMA32
[    0.000000] Kernel command line: BOOT_IMAGE=/boot/vmlinuz-4.4.0-72-generic root=LABEL=cloudimg-rootfs ro console=tty1 console=ttyS0
[    0.000000] PID hash table entries: 4096 (order: 3, 32768 bytes)
[    0.000000] Memory: 1001788K/1048120K available (8452K kernel code, 1293K rwdata, 3976K rodata, 1484K init, 1316K bss, 46332K reserved, 0K cma-reserved)
[    0.000000] SLUB: HWalign=64, Order=0-3, MinObjects=0, CPUs=2, Nodes=1
[    0.000000] Hierarchical RCU implementation.
[    0.000000] 	Build-time adjustment of leaf fanout to 64.
[    0.000000] 	RCU restricting CPUs from NR_CPUS=512 to nr_cpu_ids=2.
[    0.000000] RCU: Adjusting geometry for rcu_fanout_leaf=64, nr_cpu_ids=2
[    0.000000] NR_IRQS:33024 nr_irqs:440 16
[    0.000000] Console: colour VGA+ 80x25
[    0.000000] console [tty1] enabled
[    0.000000] console [ttyS0] enabled
[    0.000000] tsc: Detected 2693.750 MHz processor
[    6.064807] Calibrating delay loop (skipped) preset value.. 5387.50 BogoMIPS (lpj=10775000)
[    6.131371] pid_max: default: 32768 minimum: 301
[    6.169832] ACPI: Core revision 20150930
[    6.171204] ACPI: 2 ACPI AML tables successfully acquired and loaded
[    6.215634] Security Framework initialized
[    6.229496] Yama: becoming mindful.
[    6.297294] AppArmor: AppArmor initialized
[    6.362114] Dentry cache hash table entries: 131072 (order: 8, 1048576 bytes)
[    6.374160] Inode-cache hash table entries: 65536 (order: 7, 524288 bytes)
[    6.548747] Mount-cache hash table entries: 2048 (order: 2, 16384 bytes)
[    6.645111] Mountpoint-cache hash table entries: 2048 (order: 2, 16384 bytes)
[    6.646186] Initializing cgroup subsys io
[    6.659381] Initializing cgroup subsys memory
[    6.660050] Initializing cgroup subsys devices
[    6.708139] Initializing cgroup subsys freezer
[    6.730902] Initializing cgroup subsys net_cls
[    6.827179] Initializing cgroup subsys perf_event
[    6.937271] Initializing cgroup subsys net_prio
[    7.005856] Initializing cgroup subsys hugetlb
[    7.079188] Initializing cgroup subsys pids
[    7.104965] CPU: Physical Processor ID: 0
[    7.105601] CPU: Processor Core ID: 0
[    7.107070] mce: CPU supports 0 MCE banks
[    7.117660] Last level iTLB entries: 4KB 64, 2MB 8, 4MB 8
[    7.118439] Last level dTLB entries: 4KB 64, 2MB 0, 4MB 0, 1GB 4
[    7.121051] Freeing SMP alternatives memory: 32K (ffffffff820b8000 - ffffffff820c0000)
[    7.193842] ftrace: allocating 32111 entries in 126 pages
[    7.258203] smpboot: APIC(0) Converting physical 0 to logical package 0
[    7.399130] smpboot: Max logical packages: 1
[    7.460450] x2apic enabled
[    7.518360] Switched APIC routing to physical x2apic.
[    7.649737] ..TIMER: vector=0x30 apic1=0 pin1=2 apic2=-1 pin2=-1
[    7.875197] smpboot: CPU0: Intel(R) Core(TM) i7-5700HQ CPU @ 2.70GHz (family: 0x6, model: 0x47, stepping: 0x1)
[    7.939638] Performance Events: unsupported p6 CPU model 71 no PMU driver, software events only.
[    7.941010] KVM setup paravirtual spinlock
[    7.998311] x86: Booting SMP configuration:
[    8.069311] .... node  #0, CPUs:      #1
[    8.070059] kvm-clock: cpu 1, msr 0:3ffe3041, secondary cpu clock
[    8.078445] mce: CPU supports 0 MCE banks
[    8.080907] x86: Booted up 1 node, 2 CPUs
[    8.090619] smpboot: Total of 2 processors activated (10775.00 BogoMIPS)
[    8.125335] devtmpfs: initialized
[    8.148542] evm: security.selinux
[    8.217294] evm: security.SMACK64
[    8.311873] evm: security.SMACK64EXEC
[    8.379937] evm: security.SMACK64TRANSMUTE
[    8.477491] evm: security.SMACK64MMAP
[    8.549589] evm: security.ima
[    8.550102] evm: security.capability
[    8.618876] clocksource: jiffies: mask: 0xffffffff max_cycles: 0xffffffff, max_idle_ns: 7645041785100000 ns
[    8.626239] pinctrl core: initialized pinctrl subsystem
[    8.754422] RTC time: 15:39:15, date: 04/18/17
[    8.782778] NET: Registered protocol family 16
[    8.800441] cpuidle: using governor ladder
[    8.856001] cpuidle: using governor menu
[    8.948854] PCCT header not found.
[    9.027968] ACPI: bus type PCI registered
[    9.096014] acpiphp: ACPI Hot Plug PCI Controller Driver version: 0.5
[    9.172293] PCI: Using configuration type 1 for base access
[    9.188856] ACPI: Added _OSI(Module Device)
[    9.258116] ACPI: Added _OSI(Processor Device)
[    9.324884] ACPI: Added _OSI(3.0 _SCP Extensions)
[    9.375819] ACPI: Added _OSI(Processor Aggregator Device)
[    9.448143] ACPI: Executed 1 blocks of module-level executable AML code
[    9.592292] ACPI: Interpreter enabled
[    9.674053] ACPI: (supports S0 S5)
[    9.749034] ACPI: Using IOAPIC for interrupt routing
[    9.859867] PCI: Using host bridge windows from ACPI; if necessary, use "pci=nocrs" and report a bug
[    9.880717] ACPI: PCI Root Bridge [PCI0] (domain 0000 [bus 00-ff])
[    9.912139] acpi PNP0A03:00: _OSC: OS supports [ASPM ClockPM Segments MSI]
[    9.948649] acpi PNP0A03:00: _OSC failed (AE_NOT_FOUND); disabling ASPM
[    9.956543] acpi PNP0A03:00: fail to add MMCONFIG information, can't access extended PCI configuration space under this bridge.
[   10.056674] PCI host bridge to bus 0000:00
[   10.057317] pci_bus 0000:00: root bus resource [io  0x0000-0x0cf7 window]
[   10.058214] pci_bus 0000:00: root bus resource [io  0x0d00-0xffff window]
[   10.064655] pci_bus 0000:00: root bus resource [mem 0x000a0000-0x000bffff window]
[   10.128103] pci_bus 0000:00: root bus resource [mem 0x40000000-0xffdfffff window]
[   10.288243] pci_bus 0000:00: root bus resource [bus 00-ff]
[   10.290342] pci 0000:00:01.1: legacy IDE quirk: reg 0x10: [io  0x01f0-0x01f7]
[   10.302586] pci 0000:00:01.1: legacy IDE quirk: reg 0x14: [io  0x03f6]
[   10.438141] pci 0000:00:01.1: legacy IDE quirk: reg 0x18: [io  0x0170-0x0177]
[   10.579242] pci 0000:00:01.1: legacy IDE quirk: reg 0x1c: [io  0x0376]
[   10.607449] pci 0000:00:07.0: quirk: [io  0x4000-0x403f] claimed by PIIX4 ACPI
[   10.794691] pci 0000:00:07.0: quirk: [io  0x4100-0x410f] claimed by PIIX4 SMB
[   10.825331] ACPI: PCI Interrupt Link [LNKA] (IRQs 5 9 10 *11)
[   10.847349] ACPI: PCI Interrupt Link [LNKB] (IRQs 5 9 10 *11)
[   10.856467] ACPI: PCI Interrupt Link [LNKC] (IRQs 5 9 *10 11)
[   10.942657] ACPI: PCI Interrupt Link [LNKD] (IRQs 5 *9 10 11)
[   10.994684] ACPI: Enabled 2 GPEs in block 00 to 07
[   11.037568] vgaarb: setting as boot device: PCI:0000:00:02.0
[   11.146642] vgaarb: device added: PCI:0000:00:02.0,decodes=io+mem,owns=io+mem,locks=none
[   11.301623] vgaarb: loaded
[   11.367745] vgaarb: bridge control possible 0000:00:02.0
[   11.465950] SCSI subsystem initialized
[   11.547006] ACPI: bus type USB registered
[   11.629544] usbcore: registered new interface driver usbfs
[   11.760112] usbcore: registered new interface driver hub
[   11.878850] usbcore: registered new device driver usb
[   11.905490] PCI: Using ACPI for IRQ routing
[   11.963112] NetLabel: Initializing
[   12.036325] NetLabel:  domain hash size = 128
[   12.108798] NetLabel:  protocols = UNLABELED CIPSOv4
[   12.212961] NetLabel:  unlabeled traffic allowed by default
[   12.332303] amd_nb: Cannot enumerate AMD northbridges
[   12.347513] clocksource: Switched to clocksource kvm-clock
[   12.485266] AppArmor: AppArmor Filesystem Enabled
[   12.525511] pnp: PnP ACPI init
[   12.602494] pnp: PnP ACPI: found 3 devices
[   12.722957] clocksource: acpi_pm: mask: 0xffffff max_cycles: 0xffffff, max_idle_ns: 2085701024 ns
[   12.805176] NET: Registered protocol family 2
[   12.902668] TCP established hash table entries: 8192 (order: 4, 65536 bytes)
[   13.064886] TCP bind hash table entries: 8192 (order: 5, 131072 bytes)
[   13.081905] TCP: Hash tables configured (established 8192 bind 8192)
[   13.108016] UDP hash table entries: 512 (order: 2, 16384 bytes)
[   13.108807] UDP-Lite hash table entries: 512 (order: 2, 16384 bytes)
[   13.111644] NET: Registered protocol family 1
[   13.139349] pci 0000:00:00.0: Limiting direct PCI/PCI transfers
[   13.217871] pci 0000:00:01.0: Activating ISA DMA hang workarounds
[   13.250467] Unpacking initramfs...
[   15.000954] Freeing initrd memory: 10792K (ffff880036adc000 - ffff880037566000)
[   15.191182] platform rtc_cmos: registered platform RTC device (no PNP device found)
[   15.319961] Scanning for low memory corruption every 60 seconds
[   15.412992] futex hash table entries: 512 (order: 3, 32768 bytes)
[   15.418558] audit: initializing netlink subsys (disabled)
[   15.420826] audit: type=2000 audit(1492529954.735:1): initialized
[   15.421920] Initialise system trusted keyring
[   15.434045] HugeTLB registered 2 MB page size, pre-allocated 0 pages
[   15.450681] zbud: loaded
[   15.461415] VFS: Disk quotas dquot_6.6.0
[   15.484810] VFS: Dquot-cache hash table entries: 512 (order 0, 4096 bytes)
[   15.527155] squashfs: version 4.0 (2009/01/31) Phillip Lougher
[   15.530864] fuse init (API version 7.23)
[   15.545136] Key type big_key registered
[   15.547350] Allocating IMA MOK and blacklist keyrings.
[   15.549010] Key type asymmetric registered
[   15.556947] Asymmetric key parser 'x509' registered
[   15.557974] Block layer SCSI generic (bsg) driver version 0.4 loaded (major 249)
[   15.655021] io scheduler noop registered
[   15.724675] io scheduler deadline registered (default)
[   15.749516] io scheduler cfq registered
[   15.750208] pci_hotplug: PCI Hot Plug PCI Core version: 0.5
[   15.750990] pciehp: PCI Express Hot Plug Controller Driver version: 0.4
[   15.752090] ACPI: AC Adapter [AC] (on-line)
[   15.815240] input: Power Button as /devices/LNXSYSTM:00/LNXPWRBN:00/input/input0
[   15.818331] ACPI: Power Button [PWRF]
[   15.819349] input: Sleep Button as /devices/LNXSYSTM:00/LNXSLPBN:00/input/input1
[   15.820566] ACPI: Sleep Button [SLPF]
[   15.840234] GHES: HEST is not enabled!
[   15.844481] ACPI: Battery Slot [BAT0] (battery present)
[   15.857775] Serial: 8250/16550 driver, 32 ports, IRQ sharing enabled
[   15.886059] 00:02: ttyS0 at I/O 0x3f8 (irq = 4, base_baud = 115200) is a 16550A
[   16.034622] Linux agpgart interface v0.103
[   16.069126] loop: module loaded
[   16.112839] scsi host0: ata_piix
[   16.179460] scsi host1: ata_piix
[   16.249310] ata1: PATA max UDMA/33 cmd 0x1f0 ctl 0x3f6 bmdma 0xd000 irq 14
[   16.251885] tsc: Refined TSC clocksource calibration: 2695.514 MHz
[   16.251894] clocksource: tsc: mask: 0xffffffffffffffff max_cycles: 0x26dab0c6daa, max_idle_ns: 440795309658 ns
[   16.369997] ata2: PATA max UDMA/33 cmd 0x170 ctl 0x376 bmdma 0xd008 irq 15
[   16.374993] libphy: Fixed MDIO Bus: probed
[   16.375905] tun: Universal TUN/TAP device driver, 1.6
[   16.376905] tun: (C) 1999-2004 Max Krasnyansky <maxk@qualcomm.com>
[   16.417001] PPP generic driver version 2.4.2
[   16.505566] ehci_hcd: USB 2.0 'Enhanced' Host Controller (EHCI) Driver
[   16.540149] ehci-pci: EHCI PCI platform driver
[   16.551282] ehci-platform: EHCI generic platform driver
[   16.616097] ohci_hcd: USB 1.1 'Open' Host Controller (OHCI) Driver
[   16.707903] ohci-pci: OHCI PCI platform driver
[   16.712150] ohci-platform: OHCI generic platform driver
[   16.716608] uhci_hcd: USB Universal Host Controller Interface driver
[   16.728627] i8042: PNP: PS/2 Controller [PNP0303:PS2K,PNP0f03:PS2M] at 0x60,0x64 irq 1,12
[   16.760442] serio: i8042 KBD port at 0x60,0x64 irq 1
[   16.793194] serio: i8042 AUX port at 0x60,0x64 irq 12
[   16.794106] mousedev: PS/2 mouse device common for all mice
[   16.796937] rtc_cmos rtc_cmos: rtc core: registered rtc_cmos as rtc0
[   16.925524] input: AT Translated Set 2 keyboard as /devices/platform/i8042/serio0/input/input2
[   17.072289] rtc_cmos rtc_cmos: alarms up to one day, 114 bytes nvram
[   17.180386] i2c /dev entries driver
[   17.247983] device-mapper: uevent: version 1.0.3
[   17.314817] device-mapper: ioctl: 4.34.0-ioctl (2015-10-28) initialised: dm-devel@redhat.com
[   17.375704] ledtrig-cpu: registered to indicate activity on CPUs
[   17.531731] NET: Registered protocol family 10
[   17.627878] NET: Registered protocol family 17
[   17.638489] Key type dns_resolver registered
[   17.720018] microcode: CPU0 sig=0x40671, pf=0x40, revision=0x0
[   17.760637] microcode: CPU1 sig=0x40671, pf=0x40, revision=0x0
[   17.822866] microcode: Microcode Update Driver: v2.01 <tigran@aivazian.fsnet.co.uk>, Peter Oruba
[   17.887947] registered taskstats version 1
[   17.945042] Loading compiled-in X.509 certificates
[   18.008565] Loaded X.509 cert 'Build time autogenerated kernel key: 04ae903e4643330d1fe41947e79c28b436494994'
[   18.041610] zswap: loaded using pool lzo/zbud
[   18.117677] Key type trusted registered
[   18.178906] Key type encrypted registered
[   18.248407] AppArmor: AppArmor sha1 policy hashing enabled
[   18.257786] ima: No TPM chip found, activating TPM-bypass!
[   18.321508] evm: HMAC attrs: 0x1
[   18.385749]   Magic number: 13:64:690
[   18.440181] mem mem: hash matches
[   18.465147] rtc_cmos rtc_cmos: setting system clock to 2017-04-18 15:39:24 UTC (1492529964)
[   18.494763] BIOS EDD facility v0.16 2004-Jun-25, 0 devices found
[   18.509035] EDD information not available.
[   18.510998] Freeing unused kernel memory: 1484K (ffffffff81f45000 - ffffffff820b8000)
[   18.622650] Write protecting the kernel read-only data: 14336k
[   18.650220] Freeing unused kernel memory: 1776K (ffff880001844000 - ffff880001a00000)
[   18.680989] Freeing unused kernel memory: 120K (ffff880001de2000 - ffff880001e00000)
Loading, please [   18.709071] random: systemd-udevd: uninitialized urandom read (16 bytes read, 7 bits of entropy available)
wait...
starting version 229
[   18.709632] random: udevadm: uninitialized urandom read (16 bytes read, 7 bits of entropy available)
[   18.709663] random: udevadm: uninitialized urandom read (16 bytes read, 7 bits of entropy available)
[   18.709748] random: udevadm: uninitialized urandom read (16 bytes read, 7 bits of entropy available)
[   18.709778] random: udevadm: uninitialized urandom read (16 bytes read, 7 bits of entropy available)
[   18.709809] random: udevadm: uninitialized urandom read (16 bytes read, 7 bits of entropy available)
[   18.709839] random: udevadm: uninitialized urandom read (16 bytes read, 7 bits of entropy available)
[   18.709869] random: udevadm: uninitialized urandom read (16 bytes read, 7 bits of entropy available)
[   18.709897] random: udevadm: uninitialized urandom read (16 bytes read, 7 bits of entropy available)
[   18.709928] random: udevadm: uninitialized urandom read (16 bytes read, 7 bits of entropy available)
[   19.635239] Fusion MPT base driver 3.04.20
[   19.699995] Copyright (c) 1999-2008 LSI Corporation
[   19.796611] e1000: Intel(R) PRO/1000 Network Driver - version 7.3.21-k8-NAPI
[   19.834468] e1000: Copyright (c) 1999-2006 Intel Corporation.
[   19.841926] Fusion MPT SPI Host driver 3.04.20
[   19.863570] AVX version of gcm_enc/dec engaged.
[   19.963597] AES CTR mode by8 optimization enabled
[   20.096973] input: ImExPS/2 Generic Explorer Mouse as /devices/platform/i8042/serio1/input/input4
[   20.199612] e1000 0000:00:03.0 eth0: (PCI:33MHz:32-bit) 02:c4:3d:40:4e:31
[   20.292291] e1000 0000:00:03.0 eth0: Intel(R) PRO/1000 Network Connection
[   20.450440] e1000 0000:00:03.0 enp0s3: renamed from eth0
[   20.457348] mptbase: ioc0: Initiating bringup
[   20.552285] ioc0: LSI53C1030 A0: Capabilities={Initiator}
[   20.724898] scsi host2: ioc0: LSI53C1030 A0, FwRev=00000000h, Ports=1, MaxQ=256, IRQ=20
[   20.848239] scsi 2:0:0:0: Direct-Access     VBOX     HARDDISK         1.0  PQ: 0 ANSI: 5
[   20.875739] scsi target2:0:0: Beginning Domain Validation
[   20.894385] scsi target2:0:0: Domain Validation skipping write tests
[   20.901252] scsi target2:0:0: Ending Domain Validation
[   20.982346] scsi target2:0:0: asynchronous
[   20.998044] scsi 2:0:1:0: Direct-Access     VBOX     HARDDISK         1.0  PQ: 0 ANSI: 5
[   21.025174] scsi target2:0:1: Beginning Domain Validation
[   21.069014] scsi target2:0:1: Domain Validation skipping write tests
[   21.136134] scsi target2:0:1: Ending Domain Validation
[   21.184559] scsi target2:0:1: asynchronous
[   21.233046] sd 2:0:0:0: Attached scsi generic sg0 type 0
[   21.233308] sd 2:0:0:0: [sda] 20971520 512-byte logical blocks: (10.7 GB/10.0 GiB)
[   21.233408] sd 2:0:0:0: [sda] Write Protect is off
[   21.233465] sd 2:0:0:0: [sda] Incomplete mode parameter data
[   21.233465] sd 2:0:0:0: [sda] Assuming drive cache: write through
[   21.234980]  sda: sda1
[   21.235605] sd 2:0:0:0: [sda] Attached SCSI disk
[   21.419768] sd 2:0:1:0: [sdb] 20480 512-byte logical blocks: (10.5 MB/10.0 MiB)
[   21.457218] sd 2:0:1:0: Attached scsi generic sg1 type 0
[   21.621852] sd 2:0:1:0: [sdb] Write Protect is off
[   21.628563] sd 2:0:1:0: [sdb] Incomplete mode parameter data
[   21.636410] sd 2:0:1:0: [sdb] Assuming drive cache: write through
[   21.641780] sd 2:0:1:0: [sdb] Attached SCSI disk
[   22.859561] floppy0: no floppy controllers found
Begin: Loading e[   24.158749] md: linear personality registered for level -1
ssential drivers ... [   24.180624] md: multipath personality registered for level -4
[   24.187029] md: raid0 personality registered for level 0
[   24.250542] md: raid1 personality registered for level 1
[   24.335672] raid6: sse2x1   gen() 10143 MB/s
[   24.447743] raid6: sse2x1   xor()  6539 MB/s
[   24.583838] raid6: sse2x2   gen() 11078 MB/s
[   24.715934] raid6: sse2x2   xor()  8696 MB/s
[   24.795993] raid6: sse2x4   gen() 14080 MB/s
[   24.875641] raid6: sse2x4   xor()  9746 MB/s
[   24.905639] raid6: using algorithm sse2x4 gen() 14080 MB/s
[   24.914884] raid6: .... xor() 9746 MB/s, rmw enabled
[   24.943942] raid6: using ssse3x2 recovery algorithm
[   25.000816] xor: automatically using best checksumming function:
[   25.107820]    avx       : 21674.000 MB/sec
[   25.166050] async_tx: api initialized (async)
[   25.202759] md: raid6 personality registered for level 6
[   25.291476] md: raid5 personality registered for level 5
[   25.396976] md: raid4 personality registered for level 4
[   25.484267] md: raid10 personality registered for level 10
done.
Begin: Running /scripts/init-premount ... done.
Begin: Mounting root file syst[   25.549305] Btrfs loaded
em ... Begin: Running /scripts/local-top ... done.
Begin: Running /scripts/local-premount ... Scanning for Btrfs filesystems
done.
Warning: fsck no[   25.652129] EXT4-fs (sda1): mounted filesystem with ordered data mode. Opts: (null)
t present, so skipping root file system
done.
Begin: Running /scripts/local-bottom ... done.
Begin: Running /scripts/init-bottom ... done.
[   25.841296] systemd[1]: systemd 229 running in system mode. (+PAM +AUDIT +SELINUX +IMA +APPARMOR +SMACK +SYSVINIT +UTMP +LIBCRYPTSETUP +GCRYPT +GNUTLS +ACL +XZ -LZ4 +SECCOMP +BLKID +ELFUTILS +KMOD -IDN)
[   26.062340] systemd[1]: Detected virtualization oracle.
[   26.208688] systemd[1]: Detected architecture x86-64.

Welcome to [1mUbuntu 16.04.2 LTS[0m!

[   26.236512] systemd[1]: Set hostname to <ubuntu>.
[   26.366085] systemd[1]: Initializing machine ID from random generator.
[   26.518617] systemd[1]: Installed transient /etc/machine-id file.
[   26.754173] random: nonblocking pool is initialized
[   26.778546] systemd[1]: Created slice System Slice.
[[0;32m  OK  [0m] Created slice System Slice.
[   26.802865] systemd[1]: Listening on Journal Socket (/dev/log).
[[0;32m  OK  [0m] Listening on Journal Socket (/dev/log).
[   26.805068] systemd[1]: Started Forward Password Requests to Wall Directory Watch.
[[0;32m  OK  [0m] Started Forward Password Requests to Wall Directory Watch.
[   26.860069] systemd[1]: Reached target Swap.
[[0;32m  OK  [0m] Reached target Swap.
[   26.867558] systemd[1]: Listening on udev Kernel Socket.
[[0;32m  OK  [0m] Listening on udev Kernel Socket.
[   26.998177] systemd[1]: Listening on udev Control Socket.
[[0;32m  OK  [0m] Listening on udev Control Socket.
[   27.020241] systemd[1]: Reached target Encrypted Volumes.
[[0;32m  OK  [0m] Reached target Encrypted Volumes.
[   27.055796] systemd[1]: Created slice User and Session Slice.
[[0;32m  OK  [0m] Created slice User and Session Slice.
[   27.079431] systemd[1]: Listening on LVM2 poll daemon socket.
[[0;32m  OK  [0m] Listening on LVM2 poll daemon socket.
[   27.087112] systemd[1]: Listening on Syslog Socket.
[[0;32m  OK  [0m] Listening on Syslog Socket.
[   27.109472] systemd[1]: Reached target User and Group Name Lookups.
[[0;32m  OK  [0m] Reached target User and Group Name Lookups.
[   27.117365] systemd[1]: Listening on /dev/initctl Compatibility Named Pipe.
[[0;32m  OK  [0m] Listening on /dev/initctl Compatibility Named Pipe.
[   27.120424] systemd[1]: Listening on LVM2 metadata daemon socket.
[[0;32m  OK  [0m] Listening on LVM2 metadata daemon socket.
[   27.272074] systemd[1]: Set up automount Arbitrary Executable File Formats File System Automount Point.
[[0;32m  OK  [0m] Set up automount Arbitrary Executab...ats File System Automount Point.
[   27.408556] systemd[1]: Listening on Device-mapper event daemon FIFOs.
[[0;32m  OK  [0m] Listening on Device-mapper event daemon FIFOs.
[   27.522236] systemd[1]: Created slice system-serial\x2dgetty.slice.
[[0;32m  OK  [0m] Created slice system-serial\x2dgetty.slice.
[   27.635565] systemd[1]: Listening on Journal Audit Socket.
[[0;32m  OK  [0m] Listening on Journal Audit Socket.
[   27.668524] systemd[1]: Reached target Slices.
[[0;32m  OK  [0m] Reached target Slices.
[   27.759810] systemd[1]: Listening on Journal Socket.
[[0;32m  OK  [0m] Listening on Journal Socket.
[   27.915903] systemd[1]: Starting Uncomplicated firewall...
         Starting Uncomplicated firewall...
[   27.988678] systemd[1]: Starting Monitoring of LVM2 mirrors, snapshots etc. using dmeventd or progress polling...
         Starting Monitoring of LVM2 mirrors... dmeventd or progress polling...
[   28.108048] systemd[1]: Starting Remount Root and Kernel File Systems...
         [   28.243104] EXT4-fs (sda1): re-mounted. Opts: (null)
Starting Remount Root and Kernel File Systems...
[   28.383696] systemd[1]: Mounting POSIX Message Queue File System...
         Mounting POSIX Message Queue File System...
[   28.591872] systemd[1]: Mounting Debug File System...
         Mounting Debug File System...
[   28.718161] systemd[1]: Starting Create list of required static device nodes for the current kernel...
         Starting Create list of required st... nodes for the current kernel...
[   28.780084] systemd[1]: Starting Load Kernel Modules...
         [   28.896746] Loading iSCSI transport class v2.0-870.
Starting Load Ke[   28.978328] iscsi: registered transport (tcp)
rnel Modules...
[   29.083839] systemd[1]: Mounting Huge Pages File System...
[   29.083934] iscsi: registered transport (iser)
         Mounting Huge Pages File System...
[   29.223941] systemd[1]: Starting Set console keymap...
         Starting Set console keymap...
[   29.360543] systemd[1]: Starting Journal Service...
         Starting Journal Service...
[   29.474735] systemd[1]: Starting Nameserver information manager...
         Starting Nameserver information manager...
[   29.668344] systemd[1]: Mounted POSIX Message Queue File System.
[[0;32m  OK  [0m] Mounted POSIX Message Queue File System.
[   29.790465] systemd[1]: Mounted Debug File System.
[[0;32m  OK  [0m] Mounted Debug File System.
[   29.832481] systemd[1]: Mounted Huge Pages File System.
[[0;32m  OK  [0m] Mounted Huge Pages File System.
[   29.960064] systemd[1]: Started Journal Service.
[[0;32m  OK  [0m] Started Journal Service.
[[0;32m  OK  [0m] Started Uncomplicated firewall.
[[0;32m  OK  [0m] Started Remount Root and Kernel File Systems.
[[0;32m  OK  [0m] Started Create list of required sta...ce nodes for the current kernel.
[[0;32m  OK  [0m] Started Load Kernel Modules.
[[0;32m  OK  [0m] Started Set console keymap.
[[0;32m  OK  [0m] Started Nameserver information manager.
[[0;32m  OK  [0m] Started LVM2 metadata daemon.
         Mounting FUSE Control File System...
         Starting Apply Kernel Variables...
         Starting Create Static Device Nodes in /dev...
         Starting Initial cloud-init job (pre-networking)...
         Starting udev Coldplug all Devices...
         Starting Load/Save Random Seed...
         Starting Flush Journal to Persistent Storage...
[[0;32m  OK  [0m] Mounted FUSE Control File System.
[[0;32m  OK  [0m] Started Apply Kernel Variables.
[[0;32m  OK  [0m] Started Create Static Device Nodes in /dev.
[[0;32m  OK  [0m] Started Load/Save Random Seed.
[[0;32m  OK  [0m] Started udev Coldplug all Devices.
[[0;32m  OK  [0m] Started Monitoring of LVM2 mirrors,...ng dmeventd or progress polling.
[[0;32m  OK  [0m] Started Flush Journal to Persistent Storage.
         Starting udev Kernel Device Manager...
[[0;32m  OK  [0m] Started udev Kernel Device Manager.
[[0;32m  OK  [0m] Started Dispatch Password Requests to Console Directory Watch.
[[0;32m  OK  [0m] Reached target Local File Systems (Pre).
[[0;32m  OK  [0m] Reached target Local File Systems.
         Starting Set console font and keymap...
         Starting LSB: AppArmor initialization...
         Starting Create Volatile Files and Directories...
         Starting Commit a transient machine-id on disk...
         Starting Tell Plymouth To Write Out Runtime Data...
[[0;32m  OK  [0m] Started Create Volatile Files and Directories.
[[0;32m  OK  [0m] Started Commit a transient machine-id on disk.
[[0;32m  OK  [0m] Started Tell Plymouth To Write Out Runtime Data.
[[0;32m  OK  [0m] Found device /dev/ttyS0.
         Starting Update UTMP about System Boot/Shutdown...
[[0;32m  OK  [0m] Reached target System Time Synchronized.
[[0;32m  OK  [0m] Started Update UTMP about System Boot/Shutdown.
[[0;32m  OK  [0m] Listening on Load/Save RF Kill Switch Status /dev/rfkill Watch.
[   19.823074] cloud-init[449]: Cloud-init v. 0.7.9 running 'init-local' at Tue, 18 Apr 2017 15:39:37 +0000. Up 19.28 seconds.
[[0;1;31mFAILED[0m] Failed to start Set console font and keymap.
See 'systemctl status console-setup.service' for details.
[[0;32m  OK  [0m] Created slice system-getty.slice.
[[0;32m  OK  [0m] Started Initial cloud-init job (pre-networking).
[[0;32m  OK  [0m] Started LSB: AppArmor initialization.
[[0;32m  OK  [0m] Reached target Network (Pre).
         Starting Raise network interfaces...
[[0;32m  OK  [0m] Started Raise network interfaces.
[[0;32m  OK  [0m] Reached target Network.
         Starting Initial cloud-init job (metadata service crawler)...
[   23.227703] cloud-init[897]: Cloud-init v. 0.7.9 running 'init' at Tue, 18 Apr 2017 15:39:40 +0000. Up 22.63 seconds.
[[0;32m  OK  [0m] Started Initial cloud-init job (metadata service crawler).
[[0;32m  OK  [0m] Reached target System Initialization.
[   23.322748] cloud-init[897]: ci-info: +++++++++++++++++++++++++++++++++++++Net device info++++++++++++++++++++++++++++++++++++++
[   23.482703] cloud-init[897]: ci-info: +--------+------+----------------------------+---------------+-------+-------------------+
[   23.512397] cloud-init[897]: ci-info: | Device |  Up  |          Address           |      Mask     | Scope |     Hw-Address    |
[   23.632531] cloud-init[897]: ci-info: +--------+------+----------------------------+---------------+-------+-------------------+
[   23.668595] cloud-init[897]: ci-info: |   lo   | True |         127.0.0.1          |   255.0.0.0   |   .   |         .         |
[[0;32m  OK  [0m] Started ACPI Events Check.
[[0;32m  OK  [0m] Listening on ACPID Listen Socket.
[[0;32m  OK  [0m] Started Trigger resolvconf update for networkd DNS.
[[0;32m  OK  [0m] Reached target Paths.
[[0;32m  OK  [0m] Started Daily Cleanup of Temporary Directories.
[   23.747215] cloud-init[897]: ci-info: |   lo   | True |          ::1/128           |       .       |  host |         .         |
[   24.004849] cloud-init[897]: ci-info: | enp0s3 | True |         10.0.2.15          | 255.255.255.0 |   .   | 02:c4:3d:40:4e:31 |
[   24.077494] cloud-init[897]: ci-info: | enp0s3 | True | fe80::c4:3dff:fe40:4e31/64 |       .       |  link | 02:c4:3d:40:4e:31 |
[   24.116687] cloud-init[897]: ci-info: +--------+------+----------------------------+---------------+-------+-------------------+
         Starting LXD - unix socket.
[[0;32m  OK  [0m] Listening on D-Bus System Message Bus Socket.
[[0;32m  OK  [0m] Started Daily apt activities.
[[0;32m  OK  [0m] Started Timer to automatically refresh installed snaps.
[   24.183468] cloud-init[897]: ci-info: +++++++++++++++++++++++++++Route IPv4 info++++++++++++++++++++++++++++
[   24.456640] cloud-init[897]: ci-info: +-------+-------------+----------+---------------+-----------+-------+
[   24.519265] cloud-init[897]: ci-info: | Route | Destination | Gateway  |    Genmask    | Interface | Flags |
[[0;32m  OK  [0m] Reached target Timers.
         Starting Socket activation for snappy daemon.
[[0;32m  OK  [0m] Listening on UUID daemon activation socket.
[[0;32m  OK  [0m] Reached target Network is Online.
[   24.543801] cloud-init[897]: ci-info: +-------+-------------+----------+---------------+-----------+-------+
[   24.711709] cloud-init[897]: ci-info: |   0   |   0.0.0.0   | 10.0.2.2 |    0.0.0.0    |   enp0s3  |   UG  |
         Starting iSCSI initiator daemon (iscsid)...
[[0;32m  OK  [0m] Reached target Cloud-config availability.
[[0;32m  OK  [0m] Listening on LXD - unix socket.
[[0;32m  OK  [0m] Listening on Socket activation for snappy daemon.
[   24.715168] cloud-init[897]: ci-info: |   1   |   10.0.2.0  | 0.0.0.0  | 255.255.255.0 |   enp0s3  |   U   |
[   24.761132] cloud-init[897]: ci-info: +-------+-------------+----------+---------------+-----------+-------+
[   24.765033] cloud-init[897]: Generating public/private rsa key pair.
[   24.780479] cloud-init[897]: Your identification has been saved in /etc/ssh/ssh_host_rsa_key.
[   24.876537] cloud-init[897]: Your public key has been saved in /etc/ssh/ssh_host_rsa_key.pub.
[   24.952607] cloud-init[897]: The key fingerprint is:
[   25.012633] cloud-init[897]: SHA256:IFz106PvaHYCZPATExL4fmllBUd4GZjlpOJS5S/WRIc root@ubuntu-xenial
[   25.108267] cloud-init[897]: The key's randomart image is:
[   25.152283] cloud-init[897]: +---[RSA 2048]----+
[   25.192361] cloud-init[897]: |     .+oo.oBB+.  |
[   25.229918] cloud-init[897]: |   .....o++BE.   |
[   25.264399] cloud-init[897]: |    o..ooo=o=    |
[   25.316403] cloud-init[897]: |     ..+=.o* .   |
[   25.360585] cloud-init[897]: |     ..oS=+ o    |
[   25.388515] cloud-init[897]: |      ..=. o     |
[[0;32m  OK  [0m] Reached target Sockets.
[[0;32m  OK  [0m] Reached target Basic System.
[   25.405578] cloud-init[897]: |       o .  .    |
         Starting Accounts Service...
[   25.435845] cloud-init[897]: |          +o.    |
[   25.476837] cloud-init[897]: |         o.o.    |
[[0;32m  OK  [0m] Started Snappy daemon.
[   25.515709] cloud-init[897]: +----[SHA256]-----+
[   25.543561] cloud-init[897]: Generating public/private dsa key pair.
[   25.568554]          cloud-initStarting Auto import assertions from block devices...[897]: 
Your identification has been saved in /etc/ssh/ssh_host_dsa_key.
[[0;32m  OK  [0m] Started FUSE filesystem for LXC.
[   25.715094] cloud-init[897]: Your public key has been saved in /etc/ssh/ssh_host_dsa_key.pub.
[   25.796792] cloud-init[897]: The key fingerprint is:
[   25.848779] cloud-init[897]: SHA256:YZcOeUHH3E/mW5Cl/L+uov/lfIPiGgH1cPEeso36hyk root@ubuntu-xenial
[   25.936401] cloud-init[897]: The key's randomart image is:
         Starting Login Service...
[   25.994902] cloud-init[897]: +---[DSA 1024]----+
[   26.064397] cloud-init[897]: |         +o=o. o.|
[   26.076322] cloud-init[897]: |        ..+++.+.o|
[   26.076394] cloud-init[897]: |       .= +o oo* |
[   26.076529] cloud-init[897]: |       ..*  * ..+|
[   26.076556] cloud-init[897]: |        S..o o  +|
[   26.076583] cloud-init[897]: |          o    ..|
[   26.076608] cloud-init[897]: |         o  o ...|
[   26.076634] cloud-init[897]: |         Eo= o+.o|
[   26.076660] cloud-init[897]: |         o*+=oo=o|
[   26.076731] cloud-init[897]: +----[SHA256]-----+
[   26.076760] cloud-init[897]: Generating public/private ecdsa key pair.
[   26.076785] cloud-init[897]: Your identification has been saved in /etc/ssh/ssh_host_ecdsa_key.
[   26.076812] cloud-init[897]: Your public key has been saved in /etc/ssh/ssh_host_ecdsa_key.pub.
[   26.076837] cloud-init[897]: The key fingerprint is:
[   26.076861] cloud-init[897]: SHA256:JH5CHKctmLUFeaxpyshi9PxgJi/qgE640EhlTyILuoE root@ubuntu-xenial
[   26.076887] cloud-init[897]: The key's randomart image is:
[   26.076911] cloud-init[897]: +---[ECDSA 256]---+
[   26.076937] cloud-init[897]: |      ++o        |
[   26.076963] cloud-init[897]: |     =.Bo        |
[   26.076989] cloud-init[897]: |.. +o.B+o        |
[   26.077014] cloud-init[897]: |+.= +o++         |
[   26.077041] cloud-init[897]: |E+oo +o S        |
[   26.077067] cloud-init[897]: |=Bo*o  o         |
[   26.077092] cloud-init[897]: |Oo* o            |
[   26.077117] cloud-init[897]: |=o . .           |
[   26.077141] cloud-init[897]: |=o.              |
[   26.077165] cloud-init[897]: +----[SHA256]-----+
[   26.077209] cloud-init[897]: Generating public/private ed25519 key pair.
[   26.077236] cloud-init[897]: Your identification has been saved in /etc/ssh/ssh_host_ed25519_key.
[   26.077262] cloud-init[897]: Your public key has been saved in /etc/ssh/ssh_host_ed25519_key.pub.
[   26.077285] cloud-init[897]: The key fingerprint is:
[   26.077310] cloud-init[897]: SHA256:M2/9JKFIhz9GR+W64rXt9UtY6Jr9v8wx2zimupobUW0 root@ubuntu-xenial
[   26.077336] cloud-init[897]: The key's randomart image is:
[   26.077360] cloud-init[897]: +--[ED25519 256]--+
[   26.077385] cloud-init[897]: |              .  |
[   26.077409] cloud-init[897]: |           . o   |
[   26.077433] cloud-init[897]: |          . E .  |
[   26.077457] cloud-init[897]: |         o o ..  |
[   26.077482] cloud-init[897]: |        S o +. . |
[   26.077505] cloud-init[897]: |       . X +.oo  |
[   26.077529] cloud-init[897]: |        o O =o.+.|
[   26.077553] cloud-init[897]: |         * ++**o*|
[   26.077577] cloud-init[897]: |        +o+=o=*OB|
[   26.077600] cloud-init[897]: +----[SHA256]-----+
[[0;32m  OK  [0m] Started D-Bus System Message Bus.
         Starting Apply the settings specified in cloud-config...
         Starting System Logging Service...
[[0;32m  OK  [0m] Started Regular background program processing daemon.
         Starting LSB: MD monitoring daemon...
[[0;32m  OK  [0m] Started ACPI event daemon.
         Starting /etc/rc.local Compatibility...
         Starting Pollinate to seed the pseudo random number generator...
[   27.570275] cloud-init[1019]: Generating locales (this might take a while)...
         Starting LXD - container startup/shutdown...
         Starting LSB: Record successful boot for GRUB...
[[0;32m  OK  [0m] Started Deferred execution scheduler.
[[0;32m  OK  [0m] Started System Logging Service.
[[0;32m  OK  [0m] Started iSCSI initiator daemon (iscsid).
[[0;32m  OK  [0m] Started Auto import assertions from block devices.
[[0;32m  OK  [0m] Started /etc/rc.local Compatibility.
[[0;32m  OK  [0m] Started LXD - container startup/shutdown.
[[0;32m  OK  [0m] Started Pollinate to seed the pseudo random number generator.
[[0;32m  OK  [0m] Started LSB: MD monitoring daemon.
[[0;32m  OK  [0m] Started Login Service.
[[0;32m  OK  [0m] Started LSB: Record successful boot for GRUB.
         Starting Authenticate and Authorize Users to Run Privileged Tasks...
         Starting OpenBSD Secure Shell server...
         Starting Login to default iSCSI targets...
[[0;32m  OK  [0m] Started OpenBSD Secure Shell server.
[[0;32m  OK  [0m] Started Authenticate and Authorize Users to Run Privileged Tasks.
[[0;32m  OK  [0m] Started Accounts Service.
[[0;32m  OK  [0m] Started Login to default iSCSI targets.
[[0;32m  OK  [0m] Reached target Remote File Systems (Pre).
[[0;32m  OK  [0m] Reached target Remote File Systems.
         Starting Permit User Sessions...
         Starting LSB: automatic crash report generation...
         Starting LSB: VirtualBox Linux Additions...
         Starting LSB: daemon to balance interrupts for SMP systems...
         Starting LSB: Set the CPU Frequency Scaling governor to "ondemand"...
[[0;32m  OK  [0m] Started Permit User Sessions.
         Starting Hold until boot process finishes up...
         Starting Terminate Plymouth Boot Screen...
[[0;32m  OK  [0m] Started LSB: automatic crash report generation.
[[0;32m  OK  [0m] Started LSB: VirtualBox Linux Additions.
[   28.566134] cloud-init[1019]:   en_US.UTF-8... done
[   28.628687] cloud-init[1019]: Generation complete.
[[0;32m  OK  [0m] Started LSB: daemon to balance interrupts for SMP systems.
[[0;32m  OK  [0m] Started LSB: Set the CPU Frequency Scaling governor to "ondemand".
[[0;32m  OK  [0m] Started Hold until boot process finishes up.
[[0;32m  OK  [0m] Started Terminate Plymouth Boot Screen.
[[0;32m  OK  [0m] Started Serial Getty on ttyS0.
[[0;32m  OK  [0m] Started Getty on tty1.
[[0;32m  OK  [0m] Reached target Login Prompts.
         Starting Set console scheme...
[[0;32m  OK  [0m] Reached target Multi-User System.
[[0;32m  OK  [0m] Reached target Graphical Interface.
         Starting Update UTMP about System Runlevel Changes...
[[0;32m  OK  [0m] Started Set console scheme.
         Stopping OpenBSD Secure Shell server...
[[0;32m  OK  [0m] Stopped OpenBSD Secure Shell server.
[[0;32m  OK  [0m] Started Update UTMP about System Runlevel Changes.
         Starting OpenBSD Secure Shell server...
[[0;32m  OK  [0m] Started OpenBSD Secure Shell server.
[   29.529807] cloud-init[1019]: Cloud-init v. 0.7.9 running 'modules:config' at Tue, 18 Apr 2017 15:39:45 +0000. Up 27.48 seconds.
[[0;32m  OK  [0m] Started Apply the settings specified in cloud-config.
         Starting Execute cloud user/final scripts...
ci-info: no authorized ssh keys fingerprints found for user ubuntu.
<14>Apr 18 15:39:47 ec2: 
<14>Apr 18 15:39:47 ec2: #############################################################
<14>Apr 18 15:39:47 ec2: -----BEGIN SSH HOST KEY FINGERPRINTS-----
<14>Apr 18 15:39:47 ec2: 1024 SHA256:YZcOeUHH3E/mW5Cl/L+uov/lfIPiGgH1cPEeso36hyk root@ubuntu-xenial (DSA)
<14>Apr 18 15:39:47 ec2: 256 SHA256:JH5CHKctmLUFeaxpyshi9PxgJi/qgE640EhlTyILuoE root@ubuntu-xenial (ECDSA)
<14>Apr 18 15:39:47 ec2: 256 SHA256:M2/9JKFIhz9GR+W64rXt9UtY6Jr9v8wx2zimupobUW0 root@ubuntu-xenial (ED25519)
<14>Apr 18 15:39:47 ec2: 2048 SHA256:IFz106PvaHYCZPATExL4fmllBUd4GZjlpOJS5S/WRIc root@ubuntu-xenial (RSA)
<14>Apr 18 15:39:47 ec2: -----END SSH HOST KEY FINGERPRINTS-----
<14>Apr 18 15:39:47 ec2: #############################################################
-----BEGIN SSH HOST KEY KEYS-----
ecdsa-sha2-nistp256 AAAAE2VjZHNhLXNoYTItbmlzdHAyNTYAAAAIbmlzdHAyNTYAAABBBHAd79niOLe5hWhjRvCwbFYxdtYWeXUG3nkePDXxsseqJu6mr6G03aVY7Ftf9TWrFIeQSl7SVlUAZoeSxTioY0E= root@ubuntu-xenial
ssh-ed25519 AAAAC3NzaC1lZDI1NTE5AAAAIGHZjlb11li5Qf0br0Pb6YIjuxj/wYBHNqjVQyZpBxrY root@ubuntu-xenial
ssh-rsa AAAAB3NzaC1yc2EAAAADAQABAAABAQCmOt9vpr9sAduSHROpBcs9BukGa4pVqG7wkRQAGcYMqRIWfrirqCTbsFY0OULwNmKKjBCYZjygMBU76cNVdtwJQHAzhDHJOuifJNn1eFe3Nh1wuu60zzyQTS+g9HKcKXTTN3uArUiKhQchFmazoTqaHZihwBYjgl7/+JDu0D0kIKKcJ2IDw65FVhnCF2HXTudKiyOtcun//9Ews83nA1qFmYnT2znzIcbz9Rw4HX5PJQDeVJ7w7SC5b1dCUPbE8yKBtQSeErFKi6AJXDAgo+efbsEjk96owxqEhY5G9ls/3FKMcCzzpTlt/+4j5lq7Gjp5+m9X8dfhtLgUkjkAWNsP root@ubuntu-xenial
-----END SSH HOST KEY KEYS-----
[   30.540177] cloud-init[1260]: Cloud-init v. 0.7.9 running 'modules:final' at Tue, 18 Apr 2017 15:39:47 +0000. Up 29.85 seconds.
[[0;32m  OK  [0m] Started Execute cloud user/final scripts.
[   30.600619] cloud-init[1260]: ci-info: no authorized ssh keys fingerprints found for user ubuntu.
[[0;32m  OK  [0m] Reached target Cloud-init target.
[   30.615713] cloud-init[1260]: Cloud-init v. 0.7.9 finished at Tue, 18 Apr 2017 15:39:48 +0000. Datasource DataSourceNoCloud [seed=/dev/sdb][dsmode=net].  Up 30.53 seconds

Ubuntu 16.04.2 LTS ubuntu-xenial ttyS0

ubuntu-xenial login: 